<?xml version="1.0" encoding="UTF-8"?>
<!-- Generated by org.testng.reporters.JUnitReportReporter -->
<testsuite hostname="IM-RT-LP-071" name="HA.TestExecute.NewTest" tests="1" failures="1" timestamp="15 Mar 2016 10:26:09 GMT" time="0.000" errors="0">
  <testcase name="f" time="0.000" classname="HA.TestExecute.NewTest">
    <failure type="org.openqa.selenium.WebDriverException" message="Failed to connect to binary FirefoxBinary(C:\Program Files (x86)\Mozilla Firefox\firefox.exe) on port 7055; process output follows: 
Manager.js:13 - NS_NOINTERFACE: Component does not have requested interface arg 0 [nsIXPCComponents.utils]
System JS : ERROR (null):0 - bad script XDR magic number
System JS : ERROR jar:file:///C:/Program%20Files%20(x86)/Mozilla%20Firefox/omni.ja!/components/nsCrashMonitor.js:5 - NS_NOINTERFACE: Component does not have requested interface arg 0 [nsIXPCComponents.utils]
System JS : ERROR (null):0 - bad script XDR magic number
System JS : ERROR jar:file:///C:/Program%20Files%20(x86)/Mozilla%20Firefox/omni.ja!/components/CrashService.js:7 - NS_NOINTERFACE: Component does not have requested interface arg 0 [nsIXPCComponents.utils]
System JS : ERROR (null):0 - bad script XDR magic number
System JS : ERROR jar:file:///C:/Program%20Files%20(x86)/Mozilla%20Firefox/browser/omni.ja!/components/ExperimentsService.js:7 - NS_NOINTERFACE: Component does not have requested interface arg 0 [nsIXPCComponents.utils]
System JS : ERROR (null):0 - bad script XDR magic number
System JS : ERROR jar:file:///C:/Program%20Files%20(x86)/Mozilla%20Firefox/omni.ja!/components/marionettecomponent.js:63 - SyntaxError: illegal character
System JS : ERROR (null):0 - bad script XDR magic number
System JS : ERROR jar:file:///C:/Program%20Files%20(x86)/Mozilla%20Firefox/omni.ja!/components/FormHistoryStartup.js:8 - NS_NOINTERFACE: Component does not have requested interface arg 0 [nsIXPCComponents.utils]
System JS : ERROR (null):0 - bad script XDR magic number
System JS : ERROR jar:file:///C:/Program%20Files%20(x86)/Mozilla%20Firefox/omni.ja!/components/messageWakeupService.js:5 - NS_NOINTERFACE: Component does not have requested interface arg 0 [nsIXPCComponents.utils]
System JS : ERROR (null):0 - bad script XDR magic number
System JS : ERROR jar:file:///C:/Program%20Files%20(x86)/Mozilla%20Firefox/omni.ja!/components/nsTerminatorTelemetry.js:16 - NS_NOINTERFACE: Component does not have requested interface arg 0 [nsIXPCComponents.utils]
System JS : ERROR (null):0 - bad script XDR magic number
System JS : ERROR jar:file:///C:/Program%20Files%20(x86)/Mozilla%20Firefox/omni.ja!/components/nsUpdateServiceStub.js:6 - NS_NOINTERFACE: Component does not have requested interface arg 0 [nsIXPCComponents.utils]
System JS : ERROR (null):0 - bad script XDR magic number
System JS : ERROR jar:file:///C:/Program%20Files%20(x86)/Mozilla%20Firefox/omni.ja!/components/nsUpdateTimerManager.js:5 - NS_NOINTERFACE: Component does not have requested interface arg 0 [nsIXPCComponents.utils]
System JS : ERROR (null):0 - bad script XDR magic number
System JS : ERROR jar:file:///C:/Program%20Files%20(x86)/Mozilla%20Firefox/browser/omni.ja!/components/nsBrowserContentHandler.js:5 - NS_NOINTERFACE: Component does not have requested interface arg 0 [nsIXPCComponents.utils]
System JS : ERROR (null):0 - bad script XDR magic number
System JS : ERROR jar:file:///C:/Program%20Files%20(x86)/Mozilla%20Firefox/browser/omni.ja!/components/webideCli.js:6 - NS_NOINTERFACE: Component does not have requested interface arg 0 [nsIXPCComponents.utils]
System JS : ERROR (null):0 - bad script XDR magic number
System JS : ERROR jar:file:///C:/Program%20Files%20(x86)/Mozilla%20Firefox/browser/omni.ja!/components/devtools-clhandler.js:57 - SyntaxError: missing : after property id
System JS : ERROR (null):0 - bad script XDR magic number
System JS : ERROR jar:file:///C:/Program%20Files%20(x86)/Mozilla%20Firefox/omni.ja!/components/recording-cmdline.js:5 - NS_NOINTERFACE: Component does not have requested interface arg 0 [nsIXPCComponents.utils]
System JS : ERROR (null):0 - bad script XDR magic number
System JS : ERROR jar:file:///C:/Program%20Files%20(x86)/Mozilla%20Firefox/browser/omni.ja!/components/nsSetDefaultBrowser.js:12 - NS_NOINTERFACE: Component does not have requested interface arg 0 [nsIXPCComponents.utils]
System JS : ERROR (null):0 - bad script XDR magic number
System JS : ERROR jar:file:///C:/Program%20Files%20(x86)/Mozilla%20Firefox/omni.ja!/components/nsDefaultCLH.js:5 - NS_NOINTERFACE: Component does not have requested interface arg 0 [nsIXPCComponents.utils]

Build info: version: &#039;2.45.0&#039;, revision: &#039;32a636c&#039;, time: &#039;2015-03-05 22:01:35&#039;
System info: host: &#039;IM-RT-LP-071&#039;, ip: &#039;192.168.234.139&#039;, os.name: &#039;Windows 7&#039;, os.arch: &#039;amd64&#039;, os.version: &#039;6.1&#039;, java.version: &#039;1.8.0_73&#039;
Driver info: driver.version: FirefoxDriver">
      <![CDATA[org.openqa.selenium.WebDriverException: Failed to connect to binary FirefoxBinary(C:\Program Files (x86)\Mozilla Firefox\firefox.exe) on port 7055; process output follows: 
Manager.js:13 - NS_NOINTERFACE: Component does not have requested interface arg 0 [nsIXPCComponents.utils]
System JS : ERROR (null):0 - bad script XDR magic number
System JS : ERROR jar:file:///C:/Program%20Files%20(x86)/Mozilla%20Firefox/omni.ja!/components/nsCrashMonitor.js:5 - NS_NOINTERFACE: Component does not have requested interface arg 0 [nsIXPCComponents.utils]
System JS : ERROR (null):0 - bad script XDR magic number
System JS : ERROR jar:file:///C:/Program%20Files%20(x86)/Mozilla%20Firefox/omni.ja!/components/CrashService.js:7 - NS_NOINTERFACE: Component does not have requested interface arg 0 [nsIXPCComponents.utils]
System JS : ERROR (null):0 - bad script XDR magic number
System JS : ERROR jar:file:///C:/Program%20Files%20(x86)/Mozilla%20Firefox/browser/omni.ja!/components/ExperimentsService.js:7 - NS_NOINTERFACE: Component does not have requested interface arg 0 [nsIXPCComponents.utils]
System JS : ERROR (null):0 - bad script XDR magic number
System JS : ERROR jar:file:///C:/Program%20Files%20(x86)/Mozilla%20Firefox/omni.ja!/components/marionettecomponent.js:63 - SyntaxError: illegal character
System JS : ERROR (null):0 - bad script XDR magic number
System JS : ERROR jar:file:///C:/Program%20Files%20(x86)/Mozilla%20Firefox/omni.ja!/components/FormHistoryStartup.js:8 - NS_NOINTERFACE: Component does not have requested interface arg 0 [nsIXPCComponents.utils]
System JS : ERROR (null):0 - bad script XDR magic number
System JS : ERROR jar:file:///C:/Program%20Files%20(x86)/Mozilla%20Firefox/omni.ja!/components/messageWakeupService.js:5 - NS_NOINTERFACE: Component does not have requested interface arg 0 [nsIXPCComponents.utils]
System JS : ERROR (null):0 - bad script XDR magic number
System JS : ERROR jar:file:///C:/Program%20Files%20(x86)/Mozilla%20Firefox/omni.ja!/components/nsTerminatorTelemetry.js:16 - NS_NOINTERFACE: Component does not have requested interface arg 0 [nsIXPCComponents.utils]
System JS : ERROR (null):0 - bad script XDR magic number
System JS : ERROR jar:file:///C:/Program%20Files%20(x86)/Mozilla%20Firefox/omni.ja!/components/nsUpdateServiceStub.js:6 - NS_NOINTERFACE: Component does not have requested interface arg 0 [nsIXPCComponents.utils]
System JS : ERROR (null):0 - bad script XDR magic number
System JS : ERROR jar:file:///C:/Program%20Files%20(x86)/Mozilla%20Firefox/omni.ja!/components/nsUpdateTimerManager.js:5 - NS_NOINTERFACE: Component does not have requested interface arg 0 [nsIXPCComponents.utils]
System JS : ERROR (null):0 - bad script XDR magic number
System JS : ERROR jar:file:///C:/Program%20Files%20(x86)/Mozilla%20Firefox/browser/omni.ja!/components/nsBrowserContentHandler.js:5 - NS_NOINTERFACE: Component does not have requested interface arg 0 [nsIXPCComponents.utils]
System JS : ERROR (null):0 - bad script XDR magic number
System JS : ERROR jar:file:///C:/Program%20Files%20(x86)/Mozilla%20Firefox/browser/omni.ja!/components/webideCli.js:6 - NS_NOINTERFACE: Component does not have requested interface arg 0 [nsIXPCComponents.utils]
System JS : ERROR (null):0 - bad script XDR magic number
System JS : ERROR jar:file:///C:/Program%20Files%20(x86)/Mozilla%20Firefox/browser/omni.ja!/components/devtools-clhandler.js:57 - SyntaxError: missing : after property id
System JS : ERROR (null):0 - bad script XDR magic number
System JS : ERROR jar:file:///C:/Program%20Files%20(x86)/Mozilla%20Firefox/omni.ja!/components/recording-cmdline.js:5 - NS_NOINTERFACE: Component does not have requested interface arg 0 [nsIXPCComponents.utils]
System JS : ERROR (null):0 - bad script XDR magic number
System JS : ERROR jar:file:///C:/Program%20Files%20(x86)/Mozilla%20Firefox/browser/omni.ja!/components/nsSetDefaultBrowser.js:12 - NS_NOINTERFACE: Component does not have requested interface arg 0 [nsIXPCComponents.utils]
System JS : ERROR (null):0 - bad script XDR magic number
System JS : ERROR jar:file:///C:/Program%20Files%20(x86)/Mozilla%20Firefox/omni.ja!/components/nsDefaultCLH.js:5 - NS_NOINTERFACE: Component does not have requested interface arg 0 [nsIXPCComponents.utils]

Build info: version: '2.45.0', revision: '32a636c', time: '2015-03-05 22:01:35'
System info: host: 'IM-RT-LP-071', ip: '192.168.234.139', os.name: 'Windows 7', os.arch: 'amd64', os.version: '6.1', java.version: '1.8.0_73'
Driver info: driver.version: FirefoxDriver
	at org.openqa.selenium.firefox.internal.NewProfileExtensionConnection.start(NewProfileExtensionConnection.java:130)
	at org.openqa.selenium.firefox.FirefoxDriver.startClient(FirefoxDriver.java:246)
	at org.openqa.selenium.remote.RemoteWebDriver.<init>(RemoteWebDriver.java:114)
	at org.openqa.selenium.firefox.FirefoxDriver.<init>(FirefoxDriver.java:193)
	at org.openqa.selenium.firefox.FirefoxDriver.<init>(FirefoxDriver.java:186)
	at org.openqa.selenium.firefox.FirefoxDriver.<init>(FirefoxDriver.java:182)
	at org.openqa.selenium.firefox.FirefoxDriver.<init>(FirefoxDriver.java:95)
	at HA.SeleniumLib.Common.driver(Unknown Source)
	at HA.SeleniumLib.Login.signIn(Unknown Source)
	at HA.TestExecute.NewTest.beforeTest(Unknown Source)
	at sun.reflect.NativeMethodAccessorImpl.invoke0(Native Method)
	at sun.reflect.NativeMethodAccessorImpl.invoke(NativeMethodAccessorImpl.java:62)
	at sun.reflect.DelegatingMethodAccessorImpl.invoke(DelegatingMethodAccessorImpl.java:43)
	at java.lang.reflect.Method.invoke(Method.java:497)
	at org.testng.internal.MethodInvocationHelper.invokeMethod(MethodInvocationHelper.java:84)
	at org.testng.internal.Invoker.invokeConfigurationMethod(Invoker.java:564)
	at org.testng.internal.Invoker.invokeConfigurations(Invoker.java:213)
	at org.testng.internal.Invoker.invokeConfigurations(Invoker.java:138)
	at org.testng.TestRunner.beforeRun(TestRunner.java:641)
	at org.testng.TestRunner.run(TestRunner.java:609)
	at org.testng.SuiteRunner.runTest(SuiteRunner.java:334)
	at org.testng.SuiteRunner.runSequentially(SuiteRunner.java:329)
	at org.testng.SuiteRunner.privateRun(SuiteRunner.java:291)
	at org.testng.SuiteRunner.run(SuiteRunner.java:240)
	at org.testng.SuiteRunnerWorker.runSuite(SuiteRunnerWorker.java:52)
	at org.testng.SuiteRunnerWorker.run(SuiteRunnerWorker.java:86)
	at org.testng.TestNG.runSuitesSequentially(TestNG.java:1224)
	at org.testng.TestNG.runSuitesLocally(TestNG.java:1149)
	at org.testng.TestNG.run(TestNG.java:1057)
	at org.testng.TestNG.privateMain(TestNG.java:1364)
	at org.testng.TestNG.main(TestNG.java:1333)
Caused by: org.openqa.selenium.firefox.NotConnectedException: Unable to connect to host 127.0.0.1 on port 7055 after 45000 ms. Firefox console output:
Manager.js:13 - NS_NOINTERFACE: Component does not have requested interface arg 0 [nsIXPCComponents.utils]
System JS : ERROR (null):0 - bad script XDR magic number
System JS : ERROR jar:file:///C:/Program%20Files%20(x86)/Mozilla%20Firefox/omni.ja!/components/nsCrashMonitor.js:5 - NS_NOINTERFACE: Component does not have requested interface arg 0 [nsIXPCComponents.utils]
System JS : ERROR (null):0 - bad script XDR magic number
System JS : ERROR jar:file:///C:/Program%20Files%20(x86)/Mozilla%20Firefox/omni.ja!/components/CrashService.js:7 - NS_NOINTERFACE: Component does not have requested interface arg 0 [nsIXPCComponents.utils]
System JS : ERROR (null):0 - bad script XDR magic number
System JS : ERROR jar:file:///C:/Program%20Files%20(x86)/Mozilla%20Firefox/browser/omni.ja!/components/ExperimentsService.js:7 - NS_NOINTERFACE: Component does not have requested interface arg 0 [nsIXPCComponents.utils]
System JS : ERROR (null):0 - bad script XDR magic number
System JS : ERROR jar:file:///C:/Program%20Files%20(x86)/Mozilla%20Firefox/omni.ja!/components/marionettecomponent.js:63 - SyntaxError: illegal character
System JS : ERROR (null):0 - bad script XDR magic number
System JS : ERROR jar:file:///C:/Program%20Files%20(x86)/Mozilla%20Firefox/omni.ja!/components/FormHistoryStartup.js:8 - NS_NOINTERFACE: Component does not have requested interface arg 0 [nsIXPCComponents.utils]
System JS : ERROR (null):0 - bad script XDR magic number
System JS : ERROR jar:file:///C:/Program%20Files%20(x86)/Mozilla%20Firefox/omni.ja!/components/messageWakeupService.js:5 - NS_NOINTERFACE: Component does not have requested interface arg 0 [nsIXPCComponents.utils]
System JS : ERROR (null):0 - bad script XDR magic number
System JS : ERROR jar:file:///C:/Program%20Files%20(x86)/Mozilla%20Firefox/omni.ja!/components/nsTerminatorTelemetry.js:16 - NS_NOINTERFACE: Component does not have requested interface arg 0 [nsIXPCComponents.utils]
System JS : ERROR (null):0 - bad script XDR magic number
System JS : ERROR jar:file:///C:/Program%20Files%20(x86)/Mozilla%20Firefox/omni.ja!/components/nsUpdateServiceStub.js:6 - NS_NOINTERFACE: Component does not have requested interface arg 0 [nsIXPCComponents.utils]
System JS : ERROR (null):0 - bad script XDR magic number
System JS : ERROR jar:file:///C:/Program%20Files%20(x86)/Mozilla%20Firefox/omni.ja!/components/nsUpdateTimerManager.js:5 - NS_NOINTERFACE: Component does not have requested interface arg 0 [nsIXPCComponents.utils]
System JS : ERROR (null):0 - bad script XDR magic number
System JS : ERROR jar:file:///C:/Program%20Files%20(x86)/Mozilla%20Firefox/browser/omni.ja!/components/nsBrowserContentHandler.js:5 - NS_NOINTERFACE: Component does not have requested interface arg 0 [nsIXPCComponents.utils]
System JS : ERROR (null):0 - bad script XDR magic number
System JS : ERROR jar:file:///C:/Program%20Files%20(x86)/Mozilla%20Firefox/browser/omni.ja!/components/webideCli.js:6 - NS_NOINTERFACE: Component does not have requested interface arg 0 [nsIXPCComponents.utils]
System JS : ERROR (null):0 - bad script XDR magic number
System JS : ERROR jar:file:///C:/Program%20Files%20(x86)/Mozilla%20Firefox/browser/omni.ja!/components/devtools-clhandler.js:57 - SyntaxError: missing : after property id
System JS : ERROR (null):0 - bad script XDR magic number
System JS : ERROR jar:file:///C:/Program%20Files%20(x86)/Mozilla%20Firefox/omni.ja!/components/recording-cmdline.js:5 - NS_NOINTERFACE: Component does not have requested interface arg 0 [nsIXPCComponents.utils]
System JS : ERROR (null):0 - bad script XDR magic number
System JS : ERROR jar:file:///C:/Program%20Files%20(x86)/Mozilla%20Firefox/browser/omni.ja!/components/nsSetDefaultBrowser.js:12 - NS_NOINTERFACE: Component does not have requested interface arg 0 [nsIXPCComponents.utils]
System JS : ERROR (null):0 - bad script XDR magic number
System JS : ERROR jar:file:///C:/Program%20Files%20(x86)/Mozilla%20Firefox/omni.ja!/components/nsDefaultCLH.js:5 - NS_NOINTERFACE: Component does not have requested interface arg 0 [nsIXPCComponents.utils]

	at org.openqa.selenium.firefox.internal.NewProfileExtensionConnection.start(NewProfileExtensionConnection.java:118)
	... 30 more
]]>
    </failure>
  </testcase> <!-- f -->
</testsuite> <!-- HA.TestExecute.NewTest -->
